<?xml version="1.0" encoding="UTF-8"?>
<!-- Generated by org.testng.reporters.JUnitXMLReporter -->
<testsuite hostname="IBM-Testing01" name="Test" tests="4" failures="0" timestamp="8 Jan 2020 09:04:08 GMT" time="0.048" errors="0">
  <testcase name="testMethod1" time="0.013" classname="com.parallel.Parallel1"/>
  <testcase name="testMethod2" time="0.001" classname="com.parallel.Parallel1"/>
  <testcase name="testMethod3" time="0.001" classname="com.parallel.Parallel1"/>
  <testcase name="testMethod3" time="0.001" classname="com.parallel.Parallel2$groups"/>
</testsuite> <!-- Test -->
